<?xml version="1.0" encoding="UTF-8"?>
<testng-results skipped="0" failed="0" ignored="0" total="0" passed="0">
  <reporter-output>
  </reporter-output>
  <suite name="Default suite" duration-ms="225" started-at="2022-12-08T12:31:26 IST" finished-at="2022-12-08T12:31:26 IST">
    <groups>
      <group name="cucumber">
        <method signature="AbstractTestNGCucumberTests.runScenario(io.cucumber.testng.PickleWrapper,io.cucumber.testng.FeatureWrapper)[pri:0, instance:runner.webTestRun@282003e1]" name="runScenario" class="io.cucumber.testng.AbstractTestNGCucumberTests"/>
      </group> <!-- cucumber -->
    </groups>
    <test name="Default test" duration-ms="225" started-at="2022-12-08T12:31:26 IST" finished-at="2022-12-08T12:31:26 IST">
      <class name="runner.webTestRun">
        <test-method status="PASS" signature="setUpClass(org.testng.ITestContext)[pri:0, instance:runner.webTestRun@282003e1]" name="setUpClass" is-config="true" duration-ms="190" started-at="2022-12-08T12:31:26 IST" finished-at="2022-12-08T12:31:26 IST">
          <params>
            <param index="0">
              <value>
                <![CDATA[org.testng.TestRunner@2de23121]]>
              </value>
            </param>
          </params>
          <reporter-output>
          </reporter-output>
        </test-method> <!-- setUpClass -->
        <test-method status="PASS" signature="tearDownClass()[pri:0, instance:runner.webTestRun@282003e1]" name="tearDownClass" is-config="true" duration-ms="9" started-at="2022-12-08T12:31:26 IST" finished-at="2022-12-08T12:31:26 IST">
          <reporter-output>
          </reporter-output>
        </test-method> <!-- tearDownClass -->
      </class> <!-- runner.webTestRun -->
    </test> <!-- Default test -->
  </suite> <!-- Default suite -->
</testng-results>
